This is pdfTeX, Version 3.14159265-2.6-1.40.20 (TeX Live 2019/Debian) (preloaded format=pdflatex 2020.12.17)  25 JUN 2021 10:38
entering extended mode
 restricted \write18 enabled.
 %&-line parsing enabled.
**thesis.tex
(./thesis.tex
LaTeX2e <2020-02-02> patch level 2
L3 programming layer <2020-02-14>
(/usr/share/texlive/texmf-dist/tex/latex/koma-script/scrreprt.cls
Document Class: scrreprt 2020/01/24 v3.29 KOMA-Script document class (report)
(/usr/share/texlive/texmf-dist/tex/latex/koma-script/scrkbase.sty
Package: scrkbase 2020/01/24 v3.29 KOMA-Script package (KOMA-Script-dependent b
asics and keyval usage)

(/usr/share/texlive/texmf-dist/tex/latex/koma-script/scrbase.sty
Package: scrbase 2020/01/24 v3.29 KOMA-Script package (KOMA-Script-independent 
basics and keyval usage)

(/usr/share/texlive/texmf-dist/tex/latex/graphics/keyval.sty
Package: keyval 2014/10/28 v1.15 key=value parser (DPC)
\KV@toks@=\toks14
)
(/usr/share/texlive/texmf-dist/tex/latex/koma-script/scrlfile.sty
Package: scrlfile 2020/01/24 v3.29 KOMA-Script package (loading files)
)))
(/usr/share/texlive/texmf-dist/tex/latex/koma-script/tocbasic.sty
Package: tocbasic 2020/01/24 v3.29 KOMA-Script package (handling toc-files)
\scr@dte@tocline@numberwidth=\skip47
\scr@dte@tocline@numbox=\box45
)
Package tocbasic Info: omitting babel extension for `toc'
(tocbasic)             because of feature `nobabel' available
(tocbasic)             for `toc' on input line 137.
Package scrreprt Info: You've used standard option `10pt'.
(scrreprt)             This is correct!
(scrreprt)             Internally I'm using `fontsize=10pt'.
(scrreprt)             If you'd like to set the option with \KOMAoptions,
(scrreprt)             you'd have to use `fontsize=10pt' there
(scrreprt)             instead of `10pt', too.
Class scrreprt Info: You've used standard option `openright'.
(scrreprt)           This is correct!
(scrreprt)           Internally I'm using `open=right'.
(scrreprt)           If you'd like to set the option with \KOMAoptions,
(scrreprt)           you'd have to use `open=right' there
(scrreprt)           instead of `openright', too.

(/usr/share/texlive/texmf-dist/tex/latex/base/fleqn.clo
File: fleqn.clo 2016/12/29 v1.2b Standard LaTeX option (flush left equations)
\mathindent=\dimen134
Applying: [2015/01/01] Make \[ robust on input line 50.
LaTeX Info: Redefining \[ on input line 51.
Already applied: [0000/00/00] Make \[ robust on input line 62.
Applying: [2015/01/01] Make \] robust on input line 74.
LaTeX Info: Redefining \] on input line 75.
Already applied: [0000/00/00] Make \] robust on input line 83.
)
Class scrreprt Info: File `scrsize10pt.clo' used to setup font sizes on input l
ine 2421.

(/usr/share/texlive/texmf-dist/tex/latex/koma-script/scrsize10pt.clo
File: scrsize10pt.clo 2020/01/24 v3.29 KOMA-Script font size class option (10pt
)
)
(/usr/share/texlive/texmf-dist/tex/latex/koma-script/typearea.sty
Package: typearea 2020/01/24 v3.29 KOMA-Script package (type area)
\ta@bcor=\skip48
\ta@div=\count167
Package typearea Info: You've used standard option `a4paper'.
(typearea)             This is correct!
(typearea)             Internally I'm using `paper=a4'.
(typearea)             If you'd like to set the option with \KOMAoptions,
(typearea)             you'd have to use `paper=a4' there
(typearea)             instead of `a4paper', too.


Package typearea Warning: You've used obsolete option `BCOR5mm'.
(typearea)                Usage of this option indicates an old document
(typearea)                and changes compatibility level using
(typearea)                `BCOR=5mm,version=first,
(typearea)                enabledeprecatedfontcommands' that may result
(typearea)                in further warnings.
(typearea)                If you don't want this, you should simply
(typearea)                replace option `BCOR5mm' by `BCOR=5mm'.

Package typearea Info: Switching compatibility level to `first'.
\ta@hblk=\skip49
\ta@vblk=\skip50
\ta@temp=\skip51
\footheight=\skip52
Package typearea Info: These are the values describing the layout:
(typearea)             DIV  = 8
(typearea)             BCOR = 14.22636pt
(typearea)             \paperwidth      = 597.50793pt
(typearea)              \textwidth      = 364.55101pt
(typearea)              DIV departure   = -1%
(typearea)              \evensidemargin = 73.55038pt
(typearea)              \oddsidemargin  = 14.86656pt
(typearea)             \paperheight     = 845.04694pt
(typearea)              \textheight     = 454.0pt
(typearea)              \topmargin      = 33.36087pt
(typearea)              \headheight     = 15.0pt
(typearea)              \headsep        = 18.0pt
(typearea)              \topskip        = 10.0pt
(typearea)              \footskip       = 42.0pt
(typearea)              \baselineskip   = 12.0pt
(typearea)              on input line 1719.
)
\c@part=\count168
\c@chapter=\count169
\c@section=\count170
\c@subsection=\count171
\c@subsubsection=\count172
\c@paragraph=\count173
\c@subparagraph=\count174
\scr@dte@chapter@maxnumwidth=\skip53
Class scrreprt Info: using compatibility default `afterindent=bysign'
(scrreprt)           for `\chapter on input line 5547.
\scr@dte@section@maxnumwidth=\skip54
Class scrreprt Info: using compatibility default `runin=bysign'
(scrreprt)           for `\section on input line 5557.
Class scrreprt Info: using compatibility default `afterindent=bysign'
(scrreprt)           for `\section on input line 5557.
\scr@dte@part@maxnumwidth=\skip55
Class scrreprt Info: using compatibility default `afterindent=true'
(scrreprt)           for `\part on input line 5566.
\scr@dte@subsection@maxnumwidth=\skip56
Class scrreprt Info: using compatibility default `runin=bysign'
(scrreprt)           for `\subsection on input line 5576.
Class scrreprt Info: using compatibility default `afterindent=bysign'
(scrreprt)           for `\subsection on input line 5576.
\scr@dte@subsubsection@maxnumwidth=\skip57
Class scrreprt Info: using compatibility default `runin=bysign'
(scrreprt)           for `\subsubsection on input line 5586.
Class scrreprt Info: using compatibility default `afterindent=bysign'
(scrreprt)           for `\subsubsection on input line 5586.
\scr@dte@paragraph@maxnumwidth=\skip58
Class scrreprt Info: using compatibility default `runin=bysign'
(scrreprt)           for `\paragraph on input line 5596.
Class scrreprt Info: using compatibility default `afterindent=bysign'
(scrreprt)           for `\paragraph on input line 5596.
\scr@dte@subparagraph@maxnumwidth=\skip59
Class scrreprt Info: using compatibility default `runin=bysign'
(scrreprt)           for `\subparagraph on input line 5606.
Class scrreprt Info: using compatibility default `afterindent=bysign'
(scrreprt)           for `\subparagraph on input line 5606.
\abovecaptionskip=\skip60
\belowcaptionskip=\skip61
\c@pti@nb@sid@b@x=\box46
Package tocbasic Info: omitting babel extension for `lof'
(tocbasic)             because of feature `nobabel' available
(tocbasic)             for `lof' on input line 6842.
\scr@dte@figure@maxnumwidth=\skip62
\c@figure=\count175
Package tocbasic Info: omitting babel extension for `lot'
(tocbasic)             because of feature `nobabel' available
(tocbasic)             for `lot' on input line 6859.
\scr@dte@table@maxnumwidth=\skip63
\c@table=\count176
Class scrreprt Info: Redefining `\numberline' on input line 7028.
\bibindent=\dimen135
) (/usr/share/texlive/texmf-dist/tex/latex/graphics/graphicx.sty
Package: graphicx 2019/11/30 v1.2a Enhanced LaTeX Graphics (DPC,SPQR)

(/usr/share/texlive/texmf-dist/tex/latex/graphics/graphics.sty
Package: graphics 2019/11/30 v1.4a Standard LaTeX Graphics (DPC,SPQR)

(/usr/share/texlive/texmf-dist/tex/latex/graphics/trig.sty
Package: trig 2016/01/03 v1.10 sin cos tan (DPC)
)
(/usr/share/texlive/texmf-dist/tex/latex/graphics-cfg/graphics.cfg
File: graphics.cfg 2016/06/04 v1.11 sample graphics configuration
)
Package graphics Info: Driver file: pdftex.def on input line 105.

(/usr/share/texlive/texmf-dist/tex/latex/graphics-def/pdftex.def
File: pdftex.def 2018/01/08 v1.0l Graphics/color driver for pdftex
))
\Gin@req@height=\dimen136
\Gin@req@width=\dimen137
)
(/usr/share/texlive/texmf-dist/tex/latex/amsmath/amsmath.sty
Package: amsmath 2020/01/20 v2.17e AMS math features
\@mathmargin=\skip64

For additional information on amsmath, use the `?' option.
(/usr/share/texlive/texmf-dist/tex/latex/amsmath/amstext.sty
Package: amstext 2000/06/29 v2.01 AMS text

(/usr/share/texlive/texmf-dist/tex/latex/amsmath/amsgen.sty
File: amsgen.sty 1999/11/30 v2.0 generic functions
\@emptytoks=\toks15
\ex@=\dimen138
))
(/usr/share/texlive/texmf-dist/tex/latex/amsmath/amsbsy.sty
Package: amsbsy 1999/11/29 v1.2d Bold Symbols
\pmbraise@=\dimen139
)
(/usr/share/texlive/texmf-dist/tex/latex/amsmath/amsopn.sty
Package: amsopn 2016/03/08 v2.02 operator names
)
\inf@bad=\count177
LaTeX Info: Redefining \frac on input line 227.
\uproot@=\count178
\leftroot@=\count179
LaTeX Info: Redefining \overline on input line 389.
\classnum@=\count180
\DOTSCASE@=\count181
LaTeX Info: Redefining \ldots on input line 486.
LaTeX Info: Redefining \dots on input line 489.
LaTeX Info: Redefining \cdots on input line 610.
\Mathstrutbox@=\box47
\strutbox@=\box48
\big@size=\dimen140
LaTeX Font Info:    Redeclaring font encoding OML on input line 733.
LaTeX Font Info:    Redeclaring font encoding OMS on input line 734.
\macc@depth=\count182
\c@MaxMatrixCols=\count183
\dotsspace@=\muskip16
\c@parentequation=\count184
\dspbrk@lvl=\count185
\tag@help=\toks16
\row@=\count186
\column@=\count187
\maxfields@=\count188
\andhelp@=\toks17
\eqnshift@=\dimen141
\alignsep@=\dimen142
\tagshift@=\dimen143
\tagwidth@=\dimen144
\totwidth@=\dimen145
\lineht@=\dimen146
\@envbody=\toks18
\multlinegap=\skip65
\multlinetaggap=\skip66
\mathdisplay@stack=\toks19
LaTeX Info: Redefining \[ on input line 2859.
LaTeX Info: Redefining \] on input line 2860.
)
(/usr/share/texlive/texmf-dist/tex/latex/amsfonts/amssymb.sty
Package: amssymb 2013/01/14 v3.01 AMS font symbols

(/usr/share/texlive/texmf-dist/tex/latex/amsfonts/amsfonts.sty
Package: amsfonts 2013/01/14 v3.01 Basic AMSFonts support
\symAMSa=\mathgroup4
\symAMSb=\mathgroup5
LaTeX Font Info:    Redeclaring math symbol \hbar on input line 98.
LaTeX Font Info:    Overwriting math alphabet `\mathfrak' in version `bold'
(Font)                  U/euf/m/n --> U/euf/b/n on input line 106.
))
(/usr/share/texlive/texmf-dist/tex/latex/amscls/amsthm.sty
Package: amsthm 2017/10/31 v2.20.4
\thm@style=\toks20
\thm@bodyfont=\toks21
\thm@headfont=\toks22
\thm@notefont=\toks23
\thm@headpunct=\toks24
\thm@preskip=\skip67
\thm@postskip=\skip68
\thm@headsep=\skip69
\dth@everypar=\toks25
)
(/usr/share/texlive/texmf-dist/tex/latex/xpatch/xpatch.sty
(/usr/share/texlive/texmf-dist/tex/latex/l3kernel/expl3.sty
Package: expl3 2020-02-14 L3 programming layer (loader) 

(/usr/share/texlive/texmf-dist/tex/latex/l3backend/l3backend-pdfmode.def
File: l3backend-pdfmode.def 2020-02-03 L3 backend support: PDF mode
\l__kernel_color_stack_int=\count189
\l__pdf_internal_box=\box49
))
Package: xpatch 2012/10/02 v0.3 Extending etoolbox patching commands

(/usr/share/texlive/texmf-dist/tex/latex/l3packages/xparse/xparse.sty
Package: xparse 2020-02-14 L3 Experimental document command parser
\l__xparse_current_arg_int=\count190
\g__xparse_grabber_int=\count191
\l__xparse_m_args_int=\count192
\l__xparse_v_nesting_int=\count193
)
(/usr/share/texlive/texmf-dist/tex/latex/etoolbox/etoolbox.sty
Package: etoolbox 2019/09/21 v2.5h e-TeX tools for LaTeX (JAW)
\etb@tempcnta=\count194
))
Class scrreprt Info: amsthm's \deferred@thm@head patched.

(/usr/share/texlive/texmf-dist/tex/latex/base/inputenc.sty
Package: inputenc 2018/08/11 v1.3c Input encoding file
\inpenc@prehook=\toks26
\inpenc@posthook=\toks27
)
(/usr/share/texlive/texmf-dist/tex/latex/natbib/natbib.sty
Package: natbib 2010/09/13 8.31b (PWD, AO)
\bibhang=\skip70
\bibsep=\skip71
LaTeX Info: Redefining \cite on input line 694.
\c@NAT@ctr=\count195
)
(/usr/share/texlive/texmf-dist/tex/latex/caption/subcaption.sty
Package: subcaption 2020/01/22 v1.3d Sub-captions (AR)

(/usr/share/texlive/texmf-dist/tex/latex/caption/caption.sty
Package: caption 2020/01/03 v3.4h Customizing captions (AR)

(/usr/share/texlive/texmf-dist/tex/latex/caption/caption3.sty
Package: caption3 2020/01/03 v1.8h caption3 kernel (AR)
Package caption3 Info: TeX engine: e-TeX on input line 61.
\captionmargin=\dimen147
\captionmargin@=\dimen148
\captionwidth=\dimen149
\caption@tempdima=\dimen150
\caption@indent=\dimen151
\caption@parindent=\dimen152
\caption@hangindent=\dimen153
Package caption Info: KOMA-Script document class detected.
)
Package caption Info: KOMA-Script document class.
\c@caption@flags=\count196
\c@continuedfloat=\count197
)
\c@subfigure=\count198
\c@subtable=\count199
)
(/usr/share/texlive/texmf-dist/tex/latex/xcolor/xcolor.sty
Package: xcolor 2016/05/11 v2.12 LaTeX color extensions (UK)

(/usr/share/texlive/texmf-dist/tex/latex/graphics-cfg/color.cfg
File: color.cfg 2016/01/02 v1.6 sample color configuration
)
Package xcolor Info: Driver file: pdftex.def on input line 225.
Package xcolor Info: Model `cmy' substituted by `cmy0' on input line 1348.
Package xcolor Info: Model `hsb' substituted by `rgb' on input line 1352.
Package xcolor Info: Model `RGB' extended on input line 1364.
Package xcolor Info: Model `HTML' substituted by `rgb' on input line 1366.
Package xcolor Info: Model `Hsb' substituted by `hsb' on input line 1367.
Package xcolor Info: Model `tHsb' substituted by `hsb' on input line 1368.
Package xcolor Info: Model `HSB' substituted by `hsb' on input line 1369.
Package xcolor Info: Model `Gray' substituted by `gray' on input line 1370.
Package xcolor Info: Model `wave' substituted by `hsb' on input line 1371.

(/usr/share/texlive/texmf-dist/tex/latex/graphics/dvipsnam.def
File: dvipsnam.def 2016/06/17 v3.0m Driver-dependent file (DPC,SPQR)
))
(/usr/share/texlive/texmf-dist/tex/latex/hyperref/hyperref.sty
Package: hyperref 2020/01/14 v7.00d Hypertext links for LaTeX

(/usr/share/texlive/texmf-dist/tex/generic/ltxcmds/ltxcmds.sty
Package: ltxcmds 2019/12/15 v1.24 LaTeX kernel commands for general use (HO)
)
(/usr/share/texlive/texmf-dist/tex/generic/iftex/iftex.sty
Package: iftex 2019/11/07 v1.0c TeX engine tests
)
(/usr/share/texlive/texmf-dist/tex/latex/pdftexcmds/pdftexcmds.sty
Package: pdftexcmds 2019/11/24 v0.31 Utility functions of pdfTeX for LuaTeX (HO
)

(/usr/share/texlive/texmf-dist/tex/generic/infwarerr/infwarerr.sty
Package: infwarerr 2019/12/03 v1.5 Providing info/warning/error messages (HO)
)
Package pdftexcmds Info: \pdf@primitive is available.
Package pdftexcmds Info: \pdf@ifprimitive is available.
Package pdftexcmds Info: \pdfdraftmode found.
)
(/usr/share/texlive/texmf-dist/tex/generic/kvsetkeys/kvsetkeys.sty
Package: kvsetkeys 2019/12/15 v1.18 Key value parser (HO)
)
(/usr/share/texlive/texmf-dist/tex/generic/kvdefinekeys/kvdefinekeys.sty
Package: kvdefinekeys 2019-12-19 v1.6 Define keys (HO)
)
(/usr/share/texlive/texmf-dist/tex/generic/pdfescape/pdfescape.sty
Package: pdfescape 2019/12/09 v1.15 Implements pdfTeX's escape features (HO)
)
(/usr/share/texlive/texmf-dist/tex/latex/hycolor/hycolor.sty
Package: hycolor 2020-01-27 v1.10 Color options for hyperref/bookmark (HO)
)
(/usr/share/texlive/texmf-dist/tex/latex/letltxmacro/letltxmacro.sty
Package: letltxmacro 2019/12/03 v1.6 Let assignment for LaTeX macros (HO)
)
(/usr/share/texlive/texmf-dist/tex/latex/auxhook/auxhook.sty
Package: auxhook 2019-12-17 v1.6 Hooks for auxiliary files (HO)
)
(/usr/share/texlive/texmf-dist/tex/latex/kvoptions/kvoptions.sty
Package: kvoptions 2019/11/29 v3.13 Key value format for package options (HO)
)
\@linkdim=\dimen154
\Hy@linkcounter=\count266
\Hy@pagecounter=\count267

(/usr/share/texlive/texmf-dist/tex/latex/hyperref/pd1enc.def
File: pd1enc.def 2020/01/14 v7.00d Hyperref: PDFDocEncoding definition (HO)
Now handling font encoding PD1 ...
... no UTF-8 mapping file for font encoding PD1
)
(/usr/share/texlive/texmf-dist/tex/generic/intcalc/intcalc.sty
Package: intcalc 2019/12/15 v1.3 Expandable calculations with integers (HO)
)
(/usr/share/texlive/texmf-dist/tex/generic/etexcmds/etexcmds.sty
Package: etexcmds 2019/12/15 v1.7 Avoid name clashes with e-TeX commands (HO)
)
\Hy@SavedSpaceFactor=\count268
\pdfmajorversion=\count269
Package hyperref Info: Hyper figures OFF on input line 4547.
Package hyperref Info: Link nesting OFF on input line 4552.
Package hyperref Info: Hyper index ON on input line 4555.
Package hyperref Info: Plain pages OFF on input line 4562.
Package hyperref Info: Backreferencing OFF on input line 4567.
Package hyperref Info: Implicit mode ON; LaTeX internals redefined.
Package hyperref Info: Bookmarks ON on input line 4800.
\c@Hy@tempcnt=\count270

(/usr/share/texlive/texmf-dist/tex/latex/url/url.sty
\Urlmuskip=\muskip17
Package: url 2013/09/16  ver 3.4  Verb mode for urls, etc.
)
LaTeX Info: Redefining \url on input line 5159.
\XeTeXLinkMargin=\dimen155

(/usr/share/texlive/texmf-dist/tex/generic/bitset/bitset.sty
Package: bitset 2019/12/09 v1.3 Handle bit-vector datatype (HO)

(/usr/share/texlive/texmf-dist/tex/generic/bigintcalc/bigintcalc.sty
Package: bigintcalc 2019/12/15 v1.5 Expandable calculations on big integers (HO
)
))
\Fld@menulength=\count271
\Field@Width=\dimen156
\Fld@charsize=\dimen157
Package hyperref Info: Hyper figures OFF on input line 6430.
Package hyperref Info: Link nesting OFF on input line 6435.
Package hyperref Info: Hyper index ON on input line 6438.
Package hyperref Info: backreferencing OFF on input line 6445.
Package hyperref Info: Link coloring OFF on input line 6450.
Package hyperref Info: Link coloring with OCG OFF on input line 6455.
Package hyperref Info: PDF/A mode OFF on input line 6460.
LaTeX Info: Redefining \ref on input line 6500.
LaTeX Info: Redefining \pageref on input line 6504.

(/usr/share/texlive/texmf-dist/tex/generic/atbegshi/atbegshi.sty
Package: atbegshi 2019/12/05 v1.19 At begin shipout hook (HO)
)
\Hy@abspage=\count272
\c@Item=\count273
\c@Hfootnote=\count274
)
Package hyperref Info: Driver (autodetected): hpdftex.

(/usr/share/texlive/texmf-dist/tex/latex/hyperref/hpdftex.def
File: hpdftex.def 2020/01/14 v7.00d Hyperref driver for pdfTeX

(/usr/share/texlive/texmf-dist/tex/latex/atveryend/atveryend.sty
Package: atveryend 2019-12-11 v1.11 Hooks at the very end of document (HO)
)
\Fld@listcount=\count275
\c@bookmark@seq@number=\count276

(/usr/share/texlive/texmf-dist/tex/latex/rerunfilecheck/rerunfilecheck.sty
Package: rerunfilecheck 2019/12/05 v1.9 Rerun checks for auxiliary files (HO)

(/usr/share/texlive/texmf-dist/tex/generic/uniquecounter/uniquecounter.sty
Package: uniquecounter 2019/12/15 v1.4 Provide unlimited unique counter (HO)
)
Package uniquecounter Info: New unique counter `rerunfilecheck' on input line 2
86.
)
\Hy@SectionHShift=\skip72
)
(/usr/share/texlive/texmf-dist/tex/latex/algorithm2e/algorithm2e.sty
Package: algorithm2e 2017/07/18 v5.2 algorithms environments
\c@AlgoLine=\count277

(/usr/share/texlive/texmf-dist/tex/latex/base/ifthen.sty
Package: ifthen 2014/09/29 v1.1c Standard LaTeX ifthen package (DPC)
)
\algocf@hangindent=\skip73

(/usr/share/texlive/texmf-dist/tex/latex/ifoddpage/ifoddpage.sty
Package: ifoddpage 2016/04/23 v1.1 Conditionals for odd/even page detection
\c@checkoddpage=\count278
)
(/usr/share/texlive/texmf-dist/tex/latex/tools/xspace.sty
Package: xspace 2014/10/28 v1.13 Space after command names (DPC,MH)
)
(/usr/share/texlive/texmf-dist/tex/latex/relsize/relsize.sty
Package: relsize 2013/03/29 ver 4.1
)
\skiptotal=\skip74
\skiplinenumber=\skip75
\skiprule=\skip76
\skiphlne=\skip77
\skiptext=\skip78
\skiplength=\skip79
\algomargin=\skip80
\skipalgocfslide=\skip81
\algowidth=\dimen158
\inoutsize=\dimen159
\inoutindent=\dimen160
\interspacetitleruled=\dimen161
\interspacealgoruled=\dimen162
\interspacetitleboxruled=\dimen163
\algocf@ruledwidth=\skip82
\algocf@inoutbox=\box50
\algocf@inputbox=\box51
\AlCapSkip=\skip83
\AlCapHSkip=\skip84
\algoskipindent=\skip85
\algocf@nlbox=\box52
\algocf@hangingbox=\box53
\algocf@untilbox=\box54
\algocf@skipuntil=\skip86
\algocf@capbox=\box55
\algocf@lcaptionbox=\skip87
\algoheightruledefault=\skip88
\algoheightrule=\skip89
\algotitleheightruledefault=\skip90
\algotitleheightrule=\skip91
\c@algocfline=\count279
\c@algocfproc=\count280
\c@algocf=\count281
\algocf@algoframe=\box56
\algocf@algobox=\box57
)
(/usr/share/texlive/texmf-dist/tex/latex/changepage/chngpage.sty
Package: chngpage 2009/10/20 v1.2b change page layout
\c@cp@cnt=\count282
\c@cp@tempcnt=\count283
LaTeX Info: Redefining \checkoddpage on input line 48.
)
(/usr/share/texlive/texmf-dist/tex/latex/tools/calc.sty
Package: calc 2017/05/25 v4.3 Infix arithmetic (KKT,FJ)
\calc@Acount=\count284
\calc@Bcount=\count285
\calc@Adimen=\dimen164
\calc@Bdimen=\dimen165
\calc@Askip=\skip92
\calc@Bskip=\skip93
LaTeX Info: Redefining \setlength on input line 80.
LaTeX Info: Redefining \addtolength on input line 81.
\calc@Ccount=\count286
\calc@Cskip=\skip94
)
(/usr/share/texlive/texmf-dist/tex/latex/ccicons/ccicons.sty
Package: ccicons 2017/10/30 v1.6 LaTeX support for Creative Commons icons

(/usr/share/texlive/texmf-dist/tex/latex/xkeyval/xkeyval.sty
Package: xkeyval 2014/12/03 v2.7a package option processing (HA)

(/usr/share/texlive/texmf-dist/tex/generic/xkeyval/xkeyval.tex
(/usr/share/texlive/texmf-dist/tex/generic/xkeyval/xkvutils.tex
\XKV@toks=\toks28
\XKV@tempa@toks=\toks29
)
\XKV@depth=\count287
File: xkeyval.tex 2014/12/03 v2.7a key=value parser (HA)
)))
(/usr/share/texlive/texmf-dist/tex/latex/booktabs/booktabs.sty
Package: booktabs 2020/01/12 v1.61803398 Publication quality tables
\heavyrulewidth=\dimen166
\lightrulewidth=\dimen167
\cmidrulewidth=\dimen168
\belowrulesep=\dimen169
\belowbottomsep=\dimen170
\aboverulesep=\dimen171
\abovetopsep=\dimen172
\cmidrulesep=\dimen173
\cmidrulekern=\dimen174
\defaultaddspace=\dimen175
\@cmidla=\count288
\@cmidlb=\count289
\@aboverulesep=\dimen176
\@belowrulesep=\dimen177
\@thisruleclass=\count290
\@lastruleclass=\count291
\@thisrulewidth=\dimen178
)
(/usr/share/texlive/texmf-dist/tex/generic/babel/babel.sty
Package: babel 2020/02/14 3.40 The Babel package

(/usr/share/texlive/texmf-dist/tex/generic/babel/switch.def
File: switch.def 2020/02/14 3.40 Babel switching mechanism
)
(/usr/share/texlive/texmf-dist/tex/generic/babel-english/english.ldf
Language: english 2017/06/06 v3.3r English support from the babel system

(/usr/share/texlive/texmf-dist/tex/generic/babel/babel.def
File: babel.def 2020/02/14 3.40 Babel common definitions
\babel@savecnt=\count292
\U@D=\dimen179

(/usr/share/texlive/texmf-dist/tex/generic/babel/txtbabel.def)
\bbl@readstream=\read2
\bbl@dirlevel=\count293
)
Package babel Info: \l@canadian = using hyphenrules for english
(babel)             (\language0) on input line 102.
Package babel Info: \l@australian = using hyphenrules for ukenglish
(babel)             (\language61) on input line 105.
Package babel Info: \l@newzealand = using hyphenrules for ukenglish
(babel)             (\language61) on input line 108.
))
(/usr/share/texlive/texmf-dist/tex/latex/listings/listings.sty
\lst@mode=\count294
\lst@gtempboxa=\box58
\lst@token=\toks30
\lst@length=\count295
\lst@currlwidth=\dimen180
\lst@column=\count296
\lst@pos=\count297
\lst@lostspace=\dimen181
\lst@width=\dimen182
\lst@newlines=\count298
\lst@lineno=\count299
\lst@maxwidth=\dimen183

(/usr/share/texlive/texmf-dist/tex/latex/listings/lstmisc.sty
File: lstmisc.sty 2019/09/10 1.8c (Carsten Heinz)
\c@lstnumber=\count300
\lst@skipnumbers=\count301
\lst@framebox=\box59
)
(/usr/share/texlive/texmf-dist/tex/latex/listings/listings.cfg
File: listings.cfg 2019/09/10 1.8c listings configuration
))
Package: listings 2019/09/10 1.8c (Carsten Heinz)

(/usr/share/texlive/texmf-dist/tex/latex/koma-script/scrhack.sty
Package: scrhack 2020/01/24 v3.29 KOMA-Script package (hacking other packages)
Package scrhack Info: hyperref hack deactivated because of
(scrhack)             detection of hyperref version, that doesn't
(scrhack)             need that hack, on input line 162.
Package scrhack Info: loading listings hack on input line 183.

(/usr/share/texlive/texmf-dist/tex/latex/koma-script/listings.hak
File: listings.hak 2020/01/24 v3.29 KOMA-Script scrhack part (hacking package l
istings)
Package tocbasic Info: setting babel extension for `lol' on input line 137.
Package scrhack Info: redefining \lstlistoflistings on input line 137.
))
(/usr/share/texlive/texmf-dist/tex/latex/acronym/acronym.sty
Package: acronym 2019/11/11 v1.42 Support for acronyms (Tobias Oetiker)

(/usr/share/texlive/texmf-dist/tex/latex/bigfoot/suffix.sty
Package: suffix 2006/07/15 1.5a Variant command support
)
(/usr/share/texlive/texmf-dist/tex/generic/xstring/xstring.sty
(/usr/share/texlive/texmf-dist/tex/generic/xstring/xstring.tex
\integerpart=\count302
\decimalpart=\count303
)
Package: xstring 2019/02/06 v1.83 String manipulations (CT)
)
\AC@clearlist=\toks31
)
(/usr/share/texlive/texmf-dist/tex/latex/nomencl/nomencl.sty
Package: nomencl 2019/11/23 v5.3 Nomenclature package
Package tocbasic Info: setting babel extension for `nlo' on input line 163.
Package tocbasic Info: setting babel extension for `nls' on input line 164.
\nomlabelwidth=\dimen184
\nom@tempdim=\dimen185
\nomitemsep=\skip95
)
Package scrhack Info: loading nomencl hack on input line 23.

(/usr/share/texlive/texmf-dist/tex/latex/koma-script/nomencl.hak
File: nomencl.hak 2020/01/24 v3.29 KOMA-Script scrhack part (hacking package no
mencl)
Package scrhack Info: only `tocbasic' loaded for `nomencl' on input line 79.
)
\@nomenclaturefile=\write3
\openout3 = `thesis.nlo'.

Package nomencl Info: Writing nomenclature file thesis.nlo on input line 23.

(./classicthesis.sty
Package: classicthesis 2018/06/03 v4.6 Typographic style for a classic-looking 
thesis
 (/usr/share/texlive/texmf-dist/tex/generic/iftex/ifpdf.sty
Package: ifpdf 2019/10/25 v3.4 ifpdf legacy package. Use iftex instead.
) (/usr/share/texlive/texmf-dist/tex/generic/iftex/ifxetex.sty
Package: ifxetex 2019/10/25 v0.7 ifxetex legacy package. Use iftex instead.
)
(/usr/share/texlive/texmf-dist/tex/generic/iftex/ifluatex.sty
Package: ifluatex 2019/10/25 v1.5 ifluatex legacy package. Use iftex instead.
)
(/usr/share/texlive/texmf-dist/tex/latex/psnfss/mathpazo.sty
Package: mathpazo 2005/04/12 PSNFSS-v9.2a Palatino w/ Pazo Math (D.Puga, WaS) 
\symupright=\mathgroup6
)
(/usr/share/texlive/texmf-dist/tex/latex/bera/beramono.sty
Package: beramono 2004/01/31 (WaS)
)
LaTeX Font Info:    Trying to load font information for U+eur on input line 202
.

(/usr/share/texlive/texmf-dist/tex/latex/amsfonts/ueur.fd
File: ueur.fd 2013/01/14 v3.01 Euler Roman
)
(/usr/share/texlive/texmf-dist/tex/latex/microtype/microtype.sty
Package: microtype 2019/11/18 v2.7d Micro-typographical refinements (RS)
\MT@toks=\toks32
\MT@count=\count304
LaTeX Info: Redefining \textls on input line 790.
\MT@outer@kern=\dimen186
LaTeX Info: Redefining \textmicrotypecontext on input line 1354.
\MT@listname@count=\count305

(/usr/share/texlive/texmf-dist/tex/latex/microtype/microtype-pdftex.def
File: microtype-pdftex.def 2019/11/18 v2.7d Definitions specific to pdftex (RS)

LaTeX Info: Redefining \lsstyle on input line 914.
LaTeX Info: Redefining \lslig on input line 914.
\MT@outer@space=\skip96
)
Package microtype Info: Loading configuration file microtype.cfg.

(/usr/share/texlive/texmf-dist/tex/latex/microtype/microtype.cfg
File: microtype.cfg 2019/11/18 v2.7d microtype main configuration file (RS)
))
Package classicthesis Info: A4 paper, Palatino or other on input line 251.
Package typearea Info: These are the values describing the layout:
(typearea)             DIV  = areaset
(typearea)             BCOR = 14.22636pt
(typearea)             \paperwidth      = 597.50793pt
(typearea)              \textwidth      = 336.0pt
(typearea)              \evensidemargin = 92.58438pt
(typearea)              \oddsidemargin  = 24.38356pt
(typearea)             \paperheight     = 845.04694pt
(typearea)              \textheight     = 675.0pt
(typearea)              \topmargin      = -40.58768pt
(typearea)              \headheight     = 15.0pt
(typearea)              \headsep        = 18.0pt
(typearea)              \topskip        = 10.0pt
(typearea)              \footskip       = 42.0pt
(typearea)              \baselineskip   = 12.0pt
(typearea)              on input line 251.

(/usr/share/texlive/texmf-dist/tex/latex/mparhack/mparhack.sty
Package: mparhack 2005/04/17 v1.4 (T. Sgouros and S. Ulrich)
)
(/usr/share/texlive/texmf-dist/tex/latex/textcase/textcase.sty
Package: textcase 2019/09/14 v1.00 Text only upper/lower case changing (DPC)
)
Package classicthesis Info: Using microtype for character spacing.Make sure you
r pdflatex is version 1.40 or higher. on input line 321.

(/usr/share/texlive/texmf-dist/tex/latex/koma-script/scrlayer-scrpage.sty
Package: scrlayer-scrpage 2020/01/24 v3.29 KOMA-Script package (end user interf
ace for scrlayer)

(/usr/share/texlive/texmf-dist/tex/latex/koma-script/scrlayer.sty
Package: scrlayer 2020/01/24 v3.29 KOMA-Script package (defining layers and pag
e styles)
Package scrlayer Info: Using already defined \footheight
(scrlayer)             hoping, that this is a length and
(scrlayer)             not only a macro on input line 109.
Package scrlayer Info: patching LaTeX kernel macro \pagestyle on input line 210
6.
)
Package scrlayer-scrpage Info: Makeing stand-alone element `pagehead' from
(scrlayer-scrpage)             alias to `pageheadfoot' on input line 1244.
Package scrlayer-scrpage Info: deactivating warning for font element
(scrlayer-scrpage)             `pagefoot' on input line 1271.
)
Package scrlayer-scrpage Info: auto-selection of `pagestyleset=KOMA-Script'.

1: section
1: chapter
1: chapter
1: section
(/usr/share/texlive/texmf-dist/tex/latex/titlesec/titlesec.sty
Package: titlesec 2019/10/16 v2.13 Sectioning titles
\ttl@box=\box60
\beforetitleunit=\skip97
\aftertitleunit=\skip98
\ttl@plus=\dimen187
\ttl@minus=\dimen188
\ttl@toksa=\toks33
\titlewidth=\dimen189
\titlewidthlast=\dimen190
\titlewidthfirst=\dimen191


Package titlesec Warning: Non standard sectioning command \section
(titlesec)                detected. Using default spacing and no format.


Package titlesec Warning: Non standard sectioning command \subsection
(titlesec)                detected. Using default spacing and no format.


Package titlesec Warning: Non standard sectioning command \subsubsection
(titlesec)                detected. Using default spacing and no format.


Package titlesec Warning: Non standard sectioning command \paragraph
(titlesec)                detected. Using default spacing and no format.


Package titlesec Warning: Non standard sectioning command \subparagraph
(titlesec)                detected. Using default spacing and no format.

)
Class scrreprt Info: Unknown `titesec' release.
(scrreprt)           Cross your fingers, that is compatible on input line 362.


Class scrreprt Warning: Usage of package `tocloft' together
(scrreprt)              with a KOMA-Script class is not recommended.
(scrreprt)              I'd suggest to use options like `listof=entryprefix',
(scrreprt)              commands like `\listoflofentryname' or
(scrreprt)              `\listoflotentryname', and `\DeclareTOCStyleEntry' or
(scrreprt)              `\RedeclareSectionCommand' instead of this package,
(scrreprt)              because it breaks several KOMA-Script features of
(scrreprt)              the list of figures, list of tables and table of
(scrreprt)              contents, i.e., options like `listof=numbered',
(scrreprt)              `listof=flat or `toc=flat', commands like
(scrreprt)              `\BeforeTOCHead{...}' and `\AfterTOCHead{...}',
(scrreprt)              `\BeforeStartingTOC{...}' and \AfterStartingTOC{...}',
(scrreprt)              all features of `\DeclareTOCStyleEntry',
(scrreprt)              and the ToC entry features of `\DeclareSecionCommand'
(scrreprt)              and `\RedeclareSectionCommand' of levels
(scrreprt)              `part', `section', `subsection',
(scrreprt)              `subsubsection', `paragraph' and `subparagraph'.
(scrreprt)              Nevertheless, using requested
(scrreprt)              package `tocloft' on input line 416.

(/usr/share/texlive/texmf-dist/tex/latex/tocloft/tocloft.sty
Package: tocloft 2017/08/31 v2.3i parameterised ToC, etc., typesetting
Package tocloft Info: The document has chapter divisions on input line 51.
\cftparskip=\skip99
\cftbeforetoctitleskip=\skip100
\cftaftertoctitleskip=\skip101
\cftbeforepartskip=\skip102
\cftpartnumwidth=\skip103
\cftpartindent=\skip104
\cftbeforechapskip=\skip105
\cftchapindent=\skip106
\cftchapnumwidth=\skip107
\cftbeforesecskip=\skip108
\cftsecindent=\skip109
\cftsecnumwidth=\skip110
\cftbeforesubsecskip=\skip111
\cftsubsecindent=\skip112
\cftsubsecnumwidth=\skip113
\cftbeforesubsubsecskip=\skip114
\cftsubsubsecindent=\skip115
\cftsubsubsecnumwidth=\skip116
\cftbeforeparaskip=\skip117
\cftparaindent=\skip118
\cftparanumwidth=\skip119
\cftbeforesubparaskip=\skip120
\cftsubparaindent=\skip121
\cftsubparanumwidth=\skip122
\cftbeforeloftitleskip=\skip123
\cftafterloftitleskip=\skip124
\cftbeforefigskip=\skip125
\cftfigindent=\skip126
\cftfignumwidth=\skip127
\c@lofdepth=\count306
\c@lotdepth=\count307
\cftbeforelottitleskip=\skip128
\cftafterlottitleskip=\skip129
\cftbeforetabskip=\skip130
\cfttabindent=\skip131
\cfttabnumwidth=\skip132
)
\newnumberwidth=\skip133
\beforebibskip=\skip134
\newchnumberwidth=\skip135
\figurelabelwidth=\skip136
\tablelabelwidth=\skip137
\c@listings=\count308
\cftbeforelistingsskip=\skip138
\cftlistingsindent=\skip139
\cftlistingsnumwidth=\skip140
\c@loldepth=\count309
\cftbeforeloltitleskip=\skip141
\cftafterloltitleskip=\skip142
\listingslabelwidth=\skip143

Using KOMA-command "deffootnote" for footnote setup
(/usr/share/texlive/texmf-dist/tex/latex/koma-script/scrtime.sty
Package: scrtime 2020/01/24 v3.29 KOMA-Script package (time of LaTeX run)
)
Package hyperref Info: Option `colorlinks' set `true' on input line 679.
Package hyperref Info: Option `linktocpage' set `true' on input line 679.
Package hyperref Info: Option `breaklinks' set `true' on input line 679.
)
(/usr/share/texlive/texmf-dist/tex/latex/arsclassica/arsclassica.sty
Package: arsclassica 2017/10/31
Package typearea Info: These are the values describing the layout:
(typearea)             DIV  = areaset
(typearea)             BCOR = 14.22636pt
(typearea)             \paperwidth      = 597.50793pt
(typearea)              \textwidth      = 370.0pt
(typearea)              \evensidemargin = 69.91772pt
(typearea)              \oddsidemargin  = 13.05023pt
(typearea)             \paperheight     = 845.04694pt
(typearea)              \textheight     = 709.0pt
(typearea)              \topmargin      = -51.92102pt
(typearea)              \headheight     = 15.0pt
(typearea)              \headsep        = 18.0pt
(typearea)              \topskip        = 10.0pt
(typearea)              \footskip       = 42.0pt
(typearea)              \baselineskip   = 12.0pt
(typearea)              on input line 17.
LaTeX Info: Redefining \spacedallcaps on input line 48.
LaTeX Info: Redefining \spacedlowsmallcaps on input line 50.
Package hyperref Info: Option `colorlinks' set `true' on input line 184.
Package hyperref Info: Option `linktocpage' set `true' on input line 184.
Package hyperref Info: Option `breaklinks' set `true' on input line 184.
Package hyperref Info: Option `pageanchor' set `true' on input line 184.
Package hyperref Info: Option `plainpages' set `false' on input line 184.
Package hyperref Info: Option `bookmarksnumbered' set `true' on input line 184.

Package hyperref Info: Option `bookmarksopen' set `true' on input line 184.
Package hyperref Info: Option `hypertexnames' set `true' on input line 184.


Package hyperref Warning: Option `hyperfootnotes' has already been used,
(hyperref)                setting the option has no effect on input line 184.


Package hyperref Warning: Option `pdfpagelabels' has already been used,
(hyperref)                setting the option has no effect on input line 184.

) (/usr/share/texlive/texmf-dist/tex/latex/pdfpages/pdfpages.sty
Package: pdfpages 2020/01/28 v0.5q Insert pages of external PDF documents (AM)

(/usr/share/texlive/texmf-dist/tex/latex/eso-pic/eso-pic.sty
Package: eso-pic 2018/04/12 v2.0h eso-pic (RN)
)
\AM@pagewidth=\dimen192
\AM@pageheight=\dimen193

(/usr/share/texlive/texmf-dist/tex/latex/pdfpages/pppdftex.def
File: pppdftex.def 2020/01/28 v0.5q Pdfpages driver for pdfTeX (AM)
)
\AM@pagebox=\box61
\AM@global@opts=\toks34
\AM@pagecnt=\count310
\AM@toc@title=\toks35
\c@AM@survey=\count311
\AM@templatesizebox=\box62
)
(./mysettings.tex) (./thesis.aux)
\openout1 = `thesis.aux'.

LaTeX Font Info:    Checking defaults for OML/cmm/m/it on input line 32.
LaTeX Font Info:    ... okay on input line 32.
LaTeX Font Info:    Checking defaults for OMS/cmsy/m/n on input line 32.
LaTeX Font Info:    ... okay on input line 32.
LaTeX Font Info:    Checking defaults for OT1/cmr/m/n on input line 32.
LaTeX Font Info:    ... okay on input line 32.
LaTeX Font Info:    Checking defaults for T1/cmr/m/n on input line 32.
LaTeX Font Info:    ... okay on input line 32.
LaTeX Font Info:    Checking defaults for TS1/cmr/m/n on input line 32.
LaTeX Font Info:    ... okay on input line 32.
LaTeX Font Info:    Checking defaults for OMX/cmex/m/n on input line 32.
LaTeX Font Info:    ... okay on input line 32.
LaTeX Font Info:    Checking defaults for U/cmr/m/n on input line 32.
LaTeX Font Info:    ... okay on input line 32.
LaTeX Font Info:    Checking defaults for PD1/pdf/m/n on input line 32.
LaTeX Font Info:    ... okay on input line 32.
LaTeX Font Info:    Trying to load font information for OT1+pplj on input line 
32.

(/usr/share/texlive/texmf-dist/tex/latex/psnfss/ot1pplj.fd
File: ot1pplj.fd 2004/09/06 font definitions for OT1/pplj.
)
Package scrbase Info: activating english \contentsname on input line 32.
Package scrbase Info: activating english \listfigurename on input line 32.
Package scrbase Info: activating english \listtablename on input line 32.

(/usr/share/texlive/texmf-dist/tex/context/base/mkii/supp-pdf.mkii
[Loading MPS to PDF converter (version 2006.09.02).]
\scratchcounter=\count312
\scratchdimen=\dimen194
\scratchbox=\box63
\nofMPsegments=\count313
\nofMParguments=\count314
\everyMPshowfont=\toks36
\MPscratchCnt=\count315
\MPscratchDim=\dimen195
\MPnumerator=\count316
\makeMPintoPDFobject=\count317
\everyMPtoPDFconversion=\toks37
) (/usr/share/texlive/texmf-dist/tex/latex/epstopdf-pkg/epstopdf-base.sty
Package: epstopdf-base 2020-01-24 v2.11 Base part for package epstopdf
Package epstopdf-base Info: Redefining graphics rule for `.eps' on input line 4
85.

(/usr/share/texlive/texmf-dist/tex/latex/latexconfig/epstopdf-sys.cfg
File: epstopdf-sys.cfg 2010/07/13 v1.3 Configuration of (r)epstopdf for TeX Liv
e
))
Package caption Info: Begin \AtBeginDocument code.
Package caption Info: hyperref package is loaded.
Package caption Info: listings package is loaded.
Package caption Info: End \AtBeginDocument code.
\AtBeginShipoutBox=\box64
Package hyperref Info: Link coloring ON on input line 32.

(/usr/share/texlive/texmf-dist/tex/latex/hyperref/nameref.sty
Package: nameref 2019/09/16 v2.46 Cross-referencing by name of section

(/usr/share/texlive/texmf-dist/tex/latex/refcount/refcount.sty
Package: refcount 2019/12/15 v3.6 Data extraction from label references (HO)
)
(/usr/share/texlive/texmf-dist/tex/generic/gettitlestring/gettitlestring.sty
Package: gettitlestring 2019/12/15 v1.6 Cleanup title references (HO)
)
\c@section@level=\count318
)
LaTeX Info: Redefining \ref on input line 32.
LaTeX Info: Redefining \pageref on input line 32.
LaTeX Info: Redefining \nameref on input line 32.

(./thesis.out) (./thesis.out)
\@outlinefile=\write4
\openout4 = `thesis.out'.

Class scrreprt Info: loading recommended package `bookmark'.
(scrreprt)           Using `bookmark' together with `hyperref' is recommended,
(scrreprt)           because of handling of possible bookmark level gaps.
(scrreprt)           You can avoid loading `bookmark' with KOMA-Script option
(scrreprt)           `bookmarkpackage=false' before \begin{document} and
(scrreprt)           you can avoid this message adding:
(scrreprt)             \usepackage{bookmark}
(scrreprt)           before \begin{document} on input line 32.

(/usr/share/texlive/texmf-dist/tex/latex/bookmark/bookmark.sty
Package: bookmark 2019/12/03 v1.28 PDF bookmarks (HO)

(/usr/share/texlive/texmf-dist/tex/latex/bookmark/bkm-pdftex.def
File: bkm-pdftex.def 2019/12/03 v1.28 bookmark driver for pdfTeX (HO)
Package auxhook Info: \AddLineBeginMainAux comes a little late,
(auxhook)             because the main .aux file is already opened on input lin
e 168.
\BKM@id=\count319
))
\c@lstlisting=\count320
Package scrhack Info: undefining \float@addtolists on input line 32.
LaTeX Info: Redefining \microtypecontext on input line 32.
Package microtype Info: Generating PDF output.
Package microtype Info: Character protrusion enabled (level 2).
Package microtype Info: Using default protrusion set `alltext'.
Package microtype Info: No font expansion.
Package microtype Info: No adjustment of tracking.
Package microtype Info: No adjustment of interword spacing.
Package microtype Info: No adjustment of character kerning.

(/usr/share/texlive/texmf-dist/tex/latex/microtype/mt-ppl.cfg
File: mt-ppl.cfg 2005/11/16 v1.6 microtype config. file: Palatino (RS)
)
(/usr/share/texlive/texmf-dist/tex/latex/pdflscape/pdflscape.sty
Package: pdflscape 2019/12/05 v0.12 Display of landscape pages in PDF (HO)

(/usr/share/texlive/texmf-dist/tex/latex/graphics/lscape.sty
Package: lscape 2000/10/22 v3.01 Landscape Pages (DPC)
)
Package scrhack Info: loading lscape hack on input line 77.

(/usr/share/texlive/texmf-dist/tex/latex/koma-script/lscape.hak
File: lscape.hak 2020/01/24 v3.29 KOMA-Script scrhack part (hacking package lsc
ape)
Package scrhack Info: \landscape patched to make \textheight change optional on
 input line 90.
\scrh@LT@textheight=\skip144
)
Package pdflscape Info: Auto-detected driver: pdftex on input line 81.
)
(./front/abstract.tex
LaTeX Font Info:    Trying to load font information for OT1+iwona on input line
 1.

(/usr/share/texlive/texmf-dist/tex/latex/iwona/ot1iwona.fd
File: ot1iwona.fd 2008/07/22 v0.995 font definition file for OT1/iwona (MW)
)
Package microtype Info: Loading generic protrusion settings for font family
(microtype)             `iwona' (encoding: OT1).
(microtype)             For optimal results, create family-specific settings.
(microtype)             See the microtype manual for details.
LaTeX Font Info:    Trying to load font information for OT1+pplx on input line 
1.

(/usr/share/texlive/texmf-dist/tex/latex/psnfss/ot1pplx.fd
File: ot1pplx.fd 2004/09/06 font definitions for OT1/pplx.
)
LaTeX Font Info:    Trying to load font information for OML+zplm on input line 
1.

(/usr/share/texlive/texmf-dist/tex/latex/psnfss/omlzplm.fd
File: omlzplm.fd 2002/09/08 Fontinst v1.914 font definitions for OML/zplm.
)
LaTeX Font Info:    Trying to load font information for OMS+zplm on input line 
1.

(/usr/share/texlive/texmf-dist/tex/latex/psnfss/omszplm.fd
File: omszplm.fd 2002/09/08 Fontinst v1.914 font definitions for OMS/zplm.
)
LaTeX Font Info:    Trying to load font information for OMX+zplm on input line 
1.

(/usr/share/texlive/texmf-dist/tex/latex/psnfss/omxzplm.fd
File: omxzplm.fd 2002/09/08 Fontinst v1.914 font definitions for OMX/zplm.
)
LaTeX Font Info:    Font shape `U/msa/m/n' will be
(Font)              scaled to size 15.0049pt on input line 1.

(/usr/share/texlive/texmf-dist/tex/latex/microtype/mt-msa.cfg
File: mt-msa.cfg 2006/02/04 v1.1 microtype config. file: AMS symbols (a) (RS)
)
LaTeX Font Info:    Font shape `U/msa/m/n' will be
(Font)              scaled to size 10.42007pt on input line 1.
LaTeX Font Info:    Font shape `U/msa/m/n' will be
(Font)              scaled to size 8.33606pt on input line 1.
LaTeX Font Info:    Font shape `U/msb/m/n' will be
(Font)              scaled to size 15.0049pt on input line 1.

(/usr/share/texlive/texmf-dist/tex/latex/microtype/mt-msb.cfg
File: mt-msb.cfg 2005/06/01 v1.0 microtype config. file: AMS symbols (b) (RS)
)
LaTeX Font Info:    Font shape `U/msb/m/n' will be
(Font)              scaled to size 10.42007pt on input line 1.
LaTeX Font Info:    Font shape `U/msb/m/n' will be
(Font)              scaled to size 8.33606pt on input line 1.
LaTeX Font Info:    Trying to load font information for OT1+zplm on input line 
1.

(/usr/share/texlive/texmf-dist/tex/latex/psnfss/ot1zplm.fd
File: ot1zplm.fd 2002/09/08 Fontinst v1.914 font definitions for OT1/zplm.
)
Package microtype Info: Loading generic protrusion settings for font family
(microtype)             `zplm' (encoding: OT1).
(microtype)             For optimal results, create family-specific settings.
(microtype)             See the microtype manual for details.
)
(./front/contents.tex
LaTeX Font Info:    Font shape `U/msa/m/n' will be
(Font)              scaled to size 7.91925pt on input line 3.
LaTeX Font Info:    Font shape `U/msa/m/n' will be
(Font)              scaled to size 6.25204pt on input line 3.
LaTeX Font Info:    Font shape `U/msb/m/n' will be
(Font)              scaled to size 7.91925pt on input line 3.
LaTeX Font Info:    Font shape `U/msb/m/n' will be
(Font)              scaled to size 6.25204pt on input line 3.
 [1



{/var/lib/texmf/fonts/map/pdftex/updmap/pdftex.map}]
[2


]
Package tocbasic Info: character protrusion at toc deactivated on input line 3.

 (./thesis.toc
Package microtype Info: Character `013' is missing
(microtype)             in font `OT1/pplj/m/sc/10'.
(microtype)             Ignoring protrusion settings for this character.
)
\tf@toc=\write5
\openout5 = `thesis.toc'.

) (./chapters/literature.tex
Chapter 1.
[3] [4


]
Overfull \hbox (17.31439pt too wide) in paragraph at lines 1--1
|[]\chapterNumber 1[]  |  [][]
 []

Package microtype Info: Character `013' is missing
(microtype)             in font `OT1/iwona/b/sc/10'.
(microtype)             Ignoring protrusion settings for this character.
[5]
Overfull \hbox (33.96567pt too wide) in paragraph at lines 83--84
[]\OT1/pplj/m/n/10 DIFFERENT EVENTS AND MORE UN-DER-STAND-ING NEEDED, NEEDED TH
ROUGH
 []

[6]

LaTeX Warning: Reference `sec:lit_green_water' on page 7 undefined on input lin
e 94.


Package natbib Warning: Citation `VanDerEijk2020' on page 7 undefined on input 
line 105.

[7]) (./chapters/objective.tex
Chapter 2.
[8]
Overfull \hbox (17.31439pt too wide) in paragraph at lines 2--2
|[]\chapterNumber 2[]  |  [][]
 []


LaTeX Warning: Reference `chap:literature' on page 9 undefined on input line 6.


Package microtype Info: Character `013' is missing
(microtype)             in font `OT1/iwona/m/sc/14.4'.
(microtype)             Ignoring protrusion settings for this character.
<figs/FlumetankScetch.png, id=203, 1278.7775pt x 369.38pt>
File: figs/FlumetankScetch.png Graphic file (type png)
<use figs/FlumetankScetch.png>
Package pdftex.def Info: figs/FlumetankScetch.png  used on input line 19.
(pdftex.def)             Requested size: 370.0pt x 106.87509pt.

LaTeX Warning: `h' float specifier changed to `ht'.

[9


]

LaTeX Warning: Reference `sec:lit_machine_learning' on page 10 undefined on inp
ut line 32.

) (./thesis.bbl [10 <./figs/FlumetankScetch.png>]
LaTeX Font Info:    Trying to load font information for OT1+fvm on input line 1
7.

No file OT1fvm.fd.

LaTeX Font Warning: Font shape `OT1/fvm/m/n' undefined
(Font)              using `OT1/cmr/m/n' instead on input line 17.

(/usr/share/texlive/texmf-dist/tex/latex/microtype/mt-cmr.cfg
File: mt-cmr.cfg 2013/05/19 v2.2 microtype config. file: Computer Modern Roman 
(RS)
)
Package microtype Info: Loading generic protrusion settings for font family
(microtype)             `fvm' (encoding: OT1).
(microtype)             For optimal results, create family-specific settings.
(microtype)             See the microtype manual for details.

Underfull \hbox (badness 8189) in paragraph at lines 51--56
[]\OT1/pplj/m/n/10 B. Buch-ner.  \OT1/pplj/m/it/10 Green wa-ter on ship-type of
f-shore struc-tures\OT1/pplj/m/n/10 .  PhD
 []


Underfull \hbox (badness 7133) in paragraph at lines 51--56
\OT1/pplj/m/n/10 the-sis, 2002.  URL [][]$\OT1/fvm/m/n/10 https : / / repositor
y . tudelft . nl / islandora / object / uuid %
 []

[11


]
Underfull \hbox (badness 3029) in paragraph at lines 167--174
\OT1/pplj/m/n/10 9781880653975.  URL [][]$\OT1/fvm/m/n/10 http : / / onepetro .
 org / ISOPEIOPEC / proceedings-[]pdf /
 []


Underfull \hbox (badness 1406) in paragraph at lines 231--240
\OT1/pplj/m/n/10 to Study the In-flu-ence of Green Wa-ter Im-pact on a Large Co
n-tain-er-
 []


Underfull \hbox (badness 10000) in paragraph at lines 231--240
[][]$\OT1/fvm/m/n/10 https : / / asmedigitalcollection . asme . org / oshoreme
chanics / article / doi / 10 . 1115 /
 []

[12] [13]
Underfull \hbox (badness 1983) in paragraph at lines 380--388
[]\OT1/pplj/m/n/10 S. Wang, X. Wang, and W. L. Woo.  \OT1/pplj/m/it/10 Nu-mer-i
-cal Green Wa-ter As-sess-
 []


Underfull \hbox (badness 1292) in paragraph at lines 380--388
\OT1/pplj/m/it/10 ment for an FPSO with Con-sid-er-a-tion of Non-lin-ear Ef-fec
ts from Bilge Keel,
 []


Underfull \hbox (badness 2980) in paragraph at lines 380--388
\OT1/pplj/m/it/10 Spread Moor-ing and Asym-met-ric Ris-ers\OT1/pplj/m/n/10 .  O
nePetro, jun 2017.  ISBN
 []


Underfull \hbox (badness 3029) in paragraph at lines 380--388
\OT1/pplj/m/n/10 9781880653975.  URL [][]$\OT1/fvm/m/n/10 http : / / onepetro .
 org / ISOPEIOPEC / proceedings-[]pdf /
 []

)

Package natbib Warning: There were undefined citations.

[14]
Package atveryend Info: Empty hook `BeforeClearDocument' on input line 99.
Package atveryend Info: Empty hook `AfterLastShipout' on input line 99.
 (./thesis.aux)
Package atveryend Info: Executing hook `AtVeryEndDocument' on input line 99.
Package atveryend Info: Executing hook `AtEndAfterFileList' on input line 99.
Package rerunfilecheck Info: File `thesis.out' has not changed.
(rerunfilecheck)             Checksum: D41D8CD98F00B204E9800998ECF8427E;0.


LaTeX Font Warning: Some font shapes were not available, defaults substituted.


LaTeX Warning: There were undefined references.

 ) 
Here is how much of TeX's memory you used:
 21584 strings out of 481239
 386579 string characters out of 5920376
 860246 words of memory out of 5000000
 36344 multiletter control sequences out of 15000+600000
 595825 words of font info for 97 fonts, out of 8000000 for 9000
 1141 hyphenation exceptions out of 8191
 70i,20n,99p,10101b,650s stack positions out of 5000i,500n,10000p,200000b,80000s
{/usr/share/texlive/texmf-dist/fonts/enc/dvips/base/8r.enc}{/usr/share/texliv
e/texmf-dist/fonts/enc/dvips/iwona/rm-iwona.enc}{/usr/share/texlive/texmf-dist/
fonts/enc/dvips/iwona/rm-iwona-sc.enc}</usr/share/texlive/texmf-dist/fonts/type
1/public/amsfonts/cm/cmr10.pfb></usr/share/texlive/texmf-dist/fonts/type1/publi
c/amsfonts/cm/cmsy10.pfb></usr/share/texlive/texmf-dist/fonts/type1/public/amsf
onts/euler/eurb10.pfb></usr/share/texlive/texmf-dist/fonts/type1/public/mathpaz
o/fplmri.pfb></usr/share/texlive/texmf-dist/fonts/type1/public/fpl/fplrc8a.pfb>
</usr/share/texlive/texmf-dist/fonts/type1/public/fpl/fplrij8a.pfb></usr/share/
texlive/texmf-dist/fonts/type1/nowacki/iwona/iwonab.pfb></usr/share/texlive/tex
mf-dist/fonts/type1/nowacki/iwona/iwonabi.pfb></usr/share/texlive/texmf-dist/fo
nts/type1/nowacki/iwona/iwonar.pfb></usr/share/texlive/texmf-dist/fonts/type1/u
rw/palatino/uplb8a.pfb></usr/share/texlive/texmf-dist/fonts/type1/urw/palatino/
uplr8a.pfb></usr/share/texlive/texmf-dist/fonts/type1/urw/palatino/uplri8a.pfb>

Output written on thesis.pdf (14 pages, 305261 bytes).
PDF statistics:
 350 PDF objects out of 1000 (max. 8388607)
 316 compressed objects within 4 object streams
 72 named destinations out of 1000 (max. 500000)
 16454 words of extra memory for PDF output out of 17280 (max. 10000000)

